[23:00:00] [main/INFO]: Setting user: ForgeDevName
[23:00:09] [Client thread/INFO]: LWJGL Version: 2.9.1
[23:00:37] [Client thread/INFO]: Reloading ResourceManager: Default, FMLFileResourcePack:Forge Mod Loader, FMLFileResourcePack:Minecraft Forge, FMLFileResourcePack:Chemical Craft
[23:00:39] [Sound Library Loader/INFO]: Sound engine started
[23:00:50] [Client thread/INFO]: Created: 512x256 textures/blocks-atlas
[23:00:50] [Client thread/ERROR]: Using missing texture, unable to load alkaliforge:textures/items/PowerDrop.png
java.io.FileNotFoundException: alkaliforge:textures/items/PowerDrop.png
	at net.minecraft.client.resources.FallbackResourceManager.getResource(FallbackResourceManager.java:65) ~[FallbackResourceManager.class:?]
	at net.minecraft.client.resources.SimpleReloadableResourceManager.getResource(SimpleReloadableResourceManager.java:67) ~[SimpleReloadableResourceManager.class:?]
	at net.minecraft.client.renderer.texture.TextureMap.loadTextureAtlas(TextureMap.java:126) [TextureMap.class:?]
	at net.minecraft.client.renderer.texture.TextureMap.loadTexture(TextureMap.java:91) [TextureMap.class:?]
	at net.minecraft.client.renderer.texture.TextureManager.loadTexture(TextureManager.java:89) [TextureManager.class:?]
	at net.minecraft.client.renderer.texture.TextureManager.loadTickableTexture(TextureManager.java:71) [TextureManager.class:?]
	at net.minecraft.client.renderer.texture.TextureManager.loadTextureMap(TextureManager.java:58) [TextureManager.class:?]
	at net.minecraft.client.Minecraft.startGame(Minecraft.java:593) [Minecraft.class:?]
	at net.minecraft.client.Minecraft.run(Minecraft.java:941) [Minecraft.class:?]
	at net.minecraft.client.main.Main.main(Main.java:164) [Main.class:?]
	at sun.reflect.NativeMethodAccessorImpl.invoke0(Native Method) ~[?:1.7.0_65]
	at sun.reflect.NativeMethodAccessorImpl.invoke(NativeMethodAccessorImpl.java:57) ~[?:1.7.0_65]
	at sun.reflect.DelegatingMethodAccessorImpl.invoke(DelegatingMethodAccessorImpl.java:43) ~[?:1.7.0_65]
	at java.lang.reflect.Method.invoke(Method.java:606) ~[?:1.7.0_65]
	at net.minecraft.launchwrapper.Launch.launch(Launch.java:134) [launchwrapper-1.9.jar:?]
	at net.minecraft.launchwrapper.Launch.main(Launch.java:28) [launchwrapper-1.9.jar:?]
	at sun.reflect.NativeMethodAccessorImpl.invoke0(Native Method) ~[?:1.7.0_65]
	at sun.reflect.NativeMethodAccessorImpl.invoke(NativeMethodAccessorImpl.java:57) ~[?:1.7.0_65]
	at sun.reflect.DelegatingMethodAccessorImpl.invoke(DelegatingMethodAccessorImpl.java:43) ~[?:1.7.0_65]
	at java.lang.reflect.Method.invoke(Method.java:606) ~[?:1.7.0_65]
	at GradleStart.bounce(GradleStart.java:108) [start/:?]
	at GradleStart.startClient(GradleStart.java:101) [start/:?]
	at GradleStart.main(GradleStart.java:56) [start/:?]
	at sun.reflect.NativeMethodAccessorImpl.invoke0(Native Method) ~[?:1.7.0_65]
	at sun.reflect.NativeMethodAccessorImpl.invoke(NativeMethodAccessorImpl.java:57) ~[?:1.7.0_65]
	at sun.reflect.DelegatingMethodAccessorImpl.invoke(DelegatingMethodAccessorImpl.java:43) ~[?:1.7.0_65]
	at java.lang.reflect.Method.invoke(Method.java:606) ~[?:1.7.0_65]
	at com.intellij.rt.execution.application.AppMain.main(AppMain.java:134) [idea_rt.jar:?]
[23:00:50] [Client thread/ERROR]: Using missing texture, unable to load alkaliforge:textures/items/PotencyDrop.png
java.io.FileNotFoundException: alkaliforge:textures/items/PotencyDrop.png
	at net.minecraft.client.resources.FallbackResourceManager.getResource(FallbackResourceManager.java:65) ~[FallbackResourceManager.class:?]
	at net.minecraft.client.resources.SimpleReloadableResourceManager.getResource(SimpleReloadableResourceManager.java:67) ~[SimpleReloadableResourceManager.class:?]
	at net.minecraft.client.renderer.texture.TextureMap.loadTextureAtlas(TextureMap.java:126) [TextureMap.class:?]
	at net.minecraft.client.renderer.texture.TextureMap.loadTexture(TextureMap.java:91) [TextureMap.class:?]
	at net.minecraft.client.renderer.texture.TextureManager.loadTexture(TextureManager.java:89) [TextureManager.class:?]
	at net.minecraft.client.renderer.texture.TextureManager.loadTickableTexture(TextureManager.java:71) [TextureManager.class:?]
	at net.minecraft.client.renderer.texture.TextureManager.loadTextureMap(TextureManager.java:58) [TextureManager.class:?]
	at net.minecraft.client.Minecraft.startGame(Minecraft.java:593) [Minecraft.class:?]
	at net.minecraft.client.Minecraft.run(Minecraft.java:941) [Minecraft.class:?]
	at net.minecraft.client.main.Main.main(Main.java:164) [Main.class:?]
	at sun.reflect.NativeMethodAccessorImpl.invoke0(Native Method) ~[?:1.7.0_65]
	at sun.reflect.NativeMethodAccessorImpl.invoke(NativeMethodAccessorImpl.java:57) ~[?:1.7.0_65]
	at sun.reflect.DelegatingMethodAccessorImpl.invoke(DelegatingMethodAccessorImpl.java:43) ~[?:1.7.0_65]
	at java.lang.reflect.Method.invoke(Method.java:606) ~[?:1.7.0_65]
	at net.minecraft.launchwrapper.Launch.launch(Launch.java:134) [launchwrapper-1.9.jar:?]
	at net.minecraft.launchwrapper.Launch.main(Launch.java:28) [launchwrapper-1.9.jar:?]
	at sun.reflect.NativeMethodAccessorImpl.invoke0(Native Method) ~[?:1.7.0_65]
	at sun.reflect.NativeMethodAccessorImpl.invoke(NativeMethodAccessorImpl.java:57) ~[?:1.7.0_65]
	at sun.reflect.DelegatingMethodAccessorImpl.invoke(DelegatingMethodAccessorImpl.java:43) ~[?:1.7.0_65]
	at java.lang.reflect.Method.invoke(Method.java:606) ~[?:1.7.0_65]
	at GradleStart.bounce(GradleStart.java:108) [start/:?]
	at GradleStart.startClient(GradleStart.java:101) [start/:?]
	at GradleStart.main(GradleStart.java:56) [start/:?]
	at sun.reflect.NativeMethodAccessorImpl.invoke0(Native Method) ~[?:1.7.0_65]
	at sun.reflect.NativeMethodAccessorImpl.invoke(NativeMethodAccessorImpl.java:57) ~[?:1.7.0_65]
	at sun.reflect.DelegatingMethodAccessorImpl.invoke(DelegatingMethodAccessorImpl.java:43) ~[?:1.7.0_65]
	at java.lang.reflect.Method.invoke(Method.java:606) ~[?:1.7.0_65]
	at com.intellij.rt.execution.application.AppMain.main(AppMain.java:134) [idea_rt.jar:?]
[23:00:50] [Client thread/INFO]: Created: 256x256 textures/items-atlas
[23:00:51] [Client thread/INFO]: Reloading ResourceManager: Default, FMLFileResourcePack:Forge Mod Loader, FMLFileResourcePack:Minecraft Forge, FMLFileResourcePack:Chemical Craft
[23:00:51] [Client thread/ERROR]: Using missing texture, unable to load alkaliforge:textures/items/PowerDrop.png
java.io.FileNotFoundException: alkaliforge:textures/items/PowerDrop.png
	at net.minecraft.client.resources.FallbackResourceManager.getResource(FallbackResourceManager.java:65) ~[FallbackResourceManager.class:?]
	at net.minecraft.client.resources.SimpleReloadableResourceManager.getResource(SimpleReloadableResourceManager.java:67) ~[SimpleReloadableResourceManager.class:?]
	at net.minecraft.client.renderer.texture.TextureMap.loadTextureAtlas(TextureMap.java:126) [TextureMap.class:?]
	at net.minecraft.client.renderer.texture.TextureMap.loadTexture(TextureMap.java:91) [TextureMap.class:?]
	at net.minecraft.client.renderer.texture.TextureManager.loadTexture(TextureManager.java:89) [TextureManager.class:?]
	at net.minecraft.client.renderer.texture.TextureManager.onResourceManagerReload(TextureManager.java:170) [TextureManager.class:?]
	at net.minecraft.client.resources.SimpleReloadableResourceManager.notifyReloadListeners(SimpleReloadableResourceManager.java:134) [SimpleReloadableResourceManager.class:?]
	at net.minecraft.client.resources.SimpleReloadableResourceManager.reloadResources(SimpleReloadableResourceManager.java:118) [SimpleReloadableResourceManager.class:?]
	at net.minecraft.client.Minecraft.refreshResources(Minecraft.java:653) [Minecraft.class:?]
	at cpw.mods.fml.client.FMLClientHandler.finishMinecraftLoading(FMLClientHandler.java:303) [FMLClientHandler.class:?]
	at net.minecraft.client.Minecraft.startGame(Minecraft.java:596) [Minecraft.class:?]
	at net.minecraft.client.Minecraft.run(Minecraft.java:941) [Minecraft.class:?]
	at net.minecraft.client.main.Main.main(Main.java:164) [Main.class:?]
	at sun.reflect.NativeMethodAccessorImpl.invoke0(Native Method) ~[?:1.7.0_65]
	at sun.reflect.NativeMethodAccessorImpl.invoke(NativeMethodAccessorImpl.java:57) ~[?:1.7.0_65]
	at sun.reflect.DelegatingMethodAccessorImpl.invoke(DelegatingMethodAccessorImpl.java:43) ~[?:1.7.0_65]
	at java.lang.reflect.Method.invoke(Method.java:606) ~[?:1.7.0_65]
	at net.minecraft.launchwrapper.Launch.launch(Launch.java:134) [launchwrapper-1.9.jar:?]
	at net.minecraft.launchwrapper.Launch.main(Launch.java:28) [launchwrapper-1.9.jar:?]
	at sun.reflect.NativeMethodAccessorImpl.invoke0(Native Method) ~[?:1.7.0_65]
	at sun.reflect.NativeMethodAccessorImpl.invoke(NativeMethodAccessorImpl.java:57) ~[?:1.7.0_65]
	at sun.reflect.DelegatingMethodAccessorImpl.invoke(DelegatingMethodAccessorImpl.java:43) ~[?:1.7.0_65]
	at java.lang.reflect.Method.invoke(Method.java:606) ~[?:1.7.0_65]
	at GradleStart.bounce(GradleStart.java:108) [start/:?]
	at GradleStart.startClient(GradleStart.java:101) [start/:?]
	at GradleStart.main(GradleStart.java:56) [start/:?]
	at sun.reflect.NativeMethodAccessorImpl.invoke0(Native Method) ~[?:1.7.0_65]
	at sun.reflect.NativeMethodAccessorImpl.invoke(NativeMethodAccessorImpl.java:57) ~[?:1.7.0_65]
	at sun.reflect.DelegatingMethodAccessorImpl.invoke(DelegatingMethodAccessorImpl.java:43) ~[?:1.7.0_65]
	at java.lang.reflect.Method.invoke(Method.java:606) ~[?:1.7.0_65]
	at com.intellij.rt.execution.application.AppMain.main(AppMain.java:134) [idea_rt.jar:?]
[23:00:51] [Client thread/ERROR]: Using missing texture, unable to load alkaliforge:textures/items/PotencyDrop.png
java.io.FileNotFoundException: alkaliforge:textures/items/PotencyDrop.png
	at net.minecraft.client.resources.FallbackResourceManager.getResource(FallbackResourceManager.java:65) ~[FallbackResourceManager.class:?]
	at net.minecraft.client.resources.SimpleReloadableResourceManager.getResource(SimpleReloadableResourceManager.java:67) ~[SimpleReloadableResourceManager.class:?]
	at net.minecraft.client.renderer.texture.TextureMap.loadTextureAtlas(TextureMap.java:126) [TextureMap.class:?]
	at net.minecraft.client.renderer.texture.TextureMap.loadTexture(TextureMap.java:91) [TextureMap.class:?]
	at net.minecraft.client.renderer.texture.TextureManager.loadTexture(TextureManager.java:89) [TextureManager.class:?]
	at net.minecraft.client.renderer.texture.TextureManager.onResourceManagerReload(TextureManager.java:170) [TextureManager.class:?]
	at net.minecraft.client.resources.SimpleReloadableResourceManager.notifyReloadListeners(SimpleReloadableResourceManager.java:134) [SimpleReloadableResourceManager.class:?]
	at net.minecraft.client.resources.SimpleReloadableResourceManager.reloadResources(SimpleReloadableResourceManager.java:118) [SimpleReloadableResourceManager.class:?]
	at net.minecraft.client.Minecraft.refreshResources(Minecraft.java:653) [Minecraft.class:?]
	at cpw.mods.fml.client.FMLClientHandler.finishMinecraftLoading(FMLClientHandler.java:303) [FMLClientHandler.class:?]
	at net.minecraft.client.Minecraft.startGame(Minecraft.java:596) [Minecraft.class:?]
	at net.minecraft.client.Minecraft.run(Minecraft.java:941) [Minecraft.class:?]
	at net.minecraft.client.main.Main.main(Main.java:164) [Main.class:?]
	at sun.reflect.NativeMethodAccessorImpl.invoke0(Native Method) ~[?:1.7.0_65]
	at sun.reflect.NativeMethodAccessorImpl.invoke(NativeMethodAccessorImpl.java:57) ~[?:1.7.0_65]
	at sun.reflect.DelegatingMethodAccessorImpl.invoke(DelegatingMethodAccessorImpl.java:43) ~[?:1.7.0_65]
	at java.lang.reflect.Method.invoke(Method.java:606) ~[?:1.7.0_65]
	at net.minecraft.launchwrapper.Launch.launch(Launch.java:134) [launchwrapper-1.9.jar:?]
	at net.minecraft.launchwrapper.Launch.main(Launch.java:28) [launchwrapper-1.9.jar:?]
	at sun.reflect.NativeMethodAccessorImpl.invoke0(Native Method) ~[?:1.7.0_65]
	at sun.reflect.NativeMethodAccessorImpl.invoke(NativeMethodAccessorImpl.java:57) ~[?:1.7.0_65]
	at sun.reflect.DelegatingMethodAccessorImpl.invoke(DelegatingMethodAccessorImpl.java:43) ~[?:1.7.0_65]
	at java.lang.reflect.Method.invoke(Method.java:606) ~[?:1.7.0_65]
	at GradleStart.bounce(GradleStart.java:108) [start/:?]
	at GradleStart.startClient(GradleStart.java:101) [start/:?]
	at GradleStart.main(GradleStart.java:56) [start/:?]
	at sun.reflect.NativeMethodAccessorImpl.invoke0(Native Method) ~[?:1.7.0_65]
	at sun.reflect.NativeMethodAccessorImpl.invoke(NativeMethodAccessorImpl.java:57) ~[?:1.7.0_65]
	at sun.reflect.DelegatingMethodAccessorImpl.invoke(DelegatingMethodAccessorImpl.java:43) ~[?:1.7.0_65]
	at java.lang.reflect.Method.invoke(Method.java:606) ~[?:1.7.0_65]
	at com.intellij.rt.execution.application.AppMain.main(AppMain.java:134) [idea_rt.jar:?]
[23:00:52] [Client thread/INFO]: Created: 256x256 textures/items-atlas
[23:00:52] [Client thread/INFO]: Created: 512x256 textures/blocks-atlas
[23:00:53] [Sound Library Loader/INFO]: Sound engine started
[23:02:05] [Server thread/INFO]: Starting integrated minecraft server version 1.7.10
[23:02:05] [Server thread/INFO]: Generating keypair
[23:02:07] [Server thread/INFO]: Preparing start region for level 0
[23:02:08] [Server thread/INFO]: Preparing spawn area: 8%
[23:02:09] [Server thread/INFO]: Preparing spawn area: 33%
[23:02:11] [Server thread/INFO]: Changing view distance to 12, from 10
[23:02:14] [Server thread/INFO]: ForgeDevName[local:E:41cfdbc2] logged in with entity id 294 at (-208.75264753573276, 73.0, 236.53170550487374)
[23:02:14] [Server thread/INFO]: ForgeDevName joined the game
[23:02:16] [Server thread/WARN]: Can't keep up! Did the system time change, or is the server overloaded? Running 5330ms behind, skipping 106 tick(s)
[23:02:17] [Server thread/INFO]: Saving and pausing game...
[23:02:17] [Server thread/INFO]: Saving chunks for level 'New World'/Overworld
[23:02:18] [Server thread/INFO]: Saving chunks for level 'New World'/Nether
[23:02:18] [Server thread/INFO]: Saving chunks for level 'New World'/The End
[23:07:21] [Server thread/INFO]: Saving and pausing game...
[23:07:22] [Server thread/INFO]: Saving chunks for level 'New World'/Overworld
[23:07:22] [Server thread/INFO]: Saving chunks for level 'New World'/Nether
[23:07:22] [Server thread/INFO]: Saving chunks for level 'New World'/The End
[23:07:23] [Server thread/INFO]: Stopping server
[23:07:23] [Server thread/INFO]: Saving players
[23:07:23] [Server thread/INFO]: Saving worlds
[23:07:23] [Server thread/INFO]: Saving chunks for level 'New World'/Overworld
[23:07:23] [Server thread/INFO]: Saving chunks for level 'New World'/Nether
[23:07:23] [Server thread/INFO]: Saving chunks for level 'New World'/The End
[23:07:24] [Client thread/INFO]: Stopping!
